<?xml version="1.0" encoding="UTF-8"?>
<!-- Generated by org.testng.reporters.JUnitReportReporter -->
<testsuite hostname="DESKTOP-AV67S5S" failures="0" tests="1" name="Java_Practice.java_program" time="8.158" errors="0" timestamp="2023-08-19T14:44:24 IST" skipped="0">
  <testcase classname="Java_Practice.java_program" name="run" time="8.158"/>
  <system-out/>
</testsuite> <!-- Java_Practice.java_program -->
